<?xml version="1.0" encoding="UTF-8"?>
<!-- Generated by org.testng.reporters.JUnitXMLReporter -->
<testsuite hostname="Tyss-SR-021" ignored="0" name="Test" tests="1" failures="0" timestamp="2020-06-17T12:34:23 IST" time="4.03" errors="0">
  <testcase name="@BeforeClass launchApp" time="3.951" classname="testcases.BaseTest">
    <failure type="org.openqa.selenium.SessionNotCreatedException" message="session not created
from no such window: window was already closed
  (Session info: chrome=79.0.3945.88)
Build info: version: &amp;apos;3.141.59&amp;apos;, revision: &amp;apos;e82be7d358&amp;apos;, time: &amp;apos;2018-11-14T08:17:03&amp;apos;
System info: host: &amp;apos;TYSS-SR-021&amp;apos;, ip: &amp;apos;192.168.43.235&amp;apos;, os.name: &amp;apos;Windows 8.1&amp;apos;, os.arch: &amp;apos;amd64&amp;apos;, os.version: &amp;apos;6.3&amp;apos;, java.version: &amp;apos;1.8.0_251&amp;apos;
Driver info: driver.version: ChromeDriver
remote stacktrace: Backtrace:
	Ordinal0 [0x0153A113+1548563]
	Ordinal0 [0x014BDDA1+1039777]
	Ordinal0 [0x0143E485+517253]
	Ordinal0 [0x01438B74+494452]
	Ordinal0 [0x01439855+497749]
	Ordinal0 [0x01435885+481413]
	Ordinal0 [0x0143F0D0+520400]
	Ordinal0 [0x013EC030+180272]
	Ordinal0 [0x013EB59D+177565]
	Ordinal0 [0x013E95FB+169467]
	Ordinal0 [0x013D160A+71178]
	Ordinal0 [0x013D2690+75408]
	Ordinal0 [0x013D2629+75305]
	Ordinal0 [0x014D71B7+1143223]
	GetHandleVerifier [0x015D2B46+507814]
	GetHandleVerifier [0x015D2864+507076]
	GetHandleVerifier [0x015D9F47+537511]
	GetHandleVerifier [0x015D3402+510050]
	Ordinal0 [0x014CF29C+1110684]
	Ordinal0 [0x014D938B+1151883]
	Ordinal0 [0x014D94F3+1152243]
	Ordinal0 [0x014D83F5+1147893]
	BaseThreadInitThunk [0x74DD6A14+36]
	RtlInitializeExceptionChain [0x7713ADCF+143]
	RtlInitializeExceptionChain [0x7713AD9A+90]
">
      <![CDATA[org.openqa.selenium.SessionNotCreatedException: session not created
from no such window: window was already closed
  (Session info: chrome=79.0.3945.88)
Build info: version: '3.141.59', revision: 'e82be7d358', time: '2018-11-14T08:17:03'
System info: host: 'TYSS-SR-021', ip: '192.168.43.235', os.name: 'Windows 8.1', os.arch: 'amd64', os.version: '6.3', java.version: '1.8.0_251'
Driver info: driver.version: ChromeDriver
remote stacktrace: Backtrace:
Ordinal0 [0x0153A113+1548563]
Ordinal0 [0x014BDDA1+1039777]
Ordinal0 [0x0143E485+517253]
Ordinal0 [0x01438B74+494452]
Ordinal0 [0x01439855+497749]
Ordinal0 [0x01435885+481413]
Ordinal0 [0x0143F0D0+520400]
Ordinal0 [0x013EC030+180272]
Ordinal0 [0x013EB59D+177565]
Ordinal0 [0x013E95FB+169467]
Ordinal0 [0x013D160A+71178]
Ordinal0 [0x013D2690+75408]
Ordinal0 [0x013D2629+75305]
Ordinal0 [0x014D71B7+1143223]
GetHandleVerifier [0x015D2B46+507814]
GetHandleVerifier [0x015D2864+507076]
GetHandleVerifier [0x015D9F47+537511]
GetHandleVerifier [0x015D3402+510050]
Ordinal0 [0x014CF29C+1110684]
Ordinal0 [0x014D938B+1151883]
Ordinal0 [0x014D94F3+1152243]
Ordinal0 [0x014D83F5+1147893]
BaseThreadInitThunk [0x74DD6A14+36]
RtlInitializeExceptionChain [0x7713ADCF+143]
RtlInitializeExceptionChain [0x7713AD9A+90]

at org.openqa.selenium.remote.W3CHandshakeResponse.lambda$errorHandler$0(W3CHandshakeResponse.java:62)
at org.openqa.selenium.remote.HandshakeResponse.lambda$getResponseFunction$0(HandshakeResponse.java:30)
at org.openqa.selenium.remote.ProtocolHandshake.lambda$createSession$0(ProtocolHandshake.java:126)
at java.util.stream.ReferencePipeline$3$1.accept(ReferencePipeline.java:193)
at java.util.Spliterators$ArraySpliterator.tryAdvance(Spliterators.java:958)
at java.util.stream.ReferencePipeline.forEachWithCancel(ReferencePipeline.java:126)
at java.util.stream.AbstractPipeline.copyIntoWithCancel(AbstractPipeline.java:499)
at java.util.stream.AbstractPipeline.copyInto(AbstractPipeline.java:486)
at java.util.stream.AbstractPipeline.wrapAndCopyInto(AbstractPipeline.java:472)
at java.util.stream.FindOps$FindOp.evaluateSequential(FindOps.java:152)
at java.util.stream.AbstractPipeline.evaluate(AbstractPipeline.java:234)
at java.util.stream.ReferencePipeline.findFirst(ReferencePipeline.java:464)
at org.openqa.selenium.remote.ProtocolHandshake.createSession(ProtocolHandshake.java:128)
at org.openqa.selenium.remote.ProtocolHandshake.createSession(ProtocolHandshake.java:74)
at org.openqa.selenium.remote.HttpCommandExecutor.execute(HttpCommandExecutor.java:136)
at org.openqa.selenium.remote.service.DriverCommandExecutor.execute(DriverCommandExecutor.java:83)
at org.openqa.selenium.remote.RemoteWebDriver.execute(RemoteWebDriver.java:552)
at org.openqa.selenium.remote.RemoteWebDriver.startSession(RemoteWebDriver.java:213)
at org.openqa.selenium.remote.RemoteWebDriver.<init>(RemoteWebDriver.java:131)
at org.openqa.selenium.chrome.ChromeDriver.<init>(ChromeDriver.java:181)
at org.openqa.selenium.chrome.ChromeDriver.<init>(ChromeDriver.java:168)
at org.openqa.selenium.chrome.ChromeDriver.<init>(ChromeDriver.java:157)
at testcases.BaseTest.launchApp(BaseTest.java:39)
at java.util.ArrayList.forEach(ArrayList.java:1257)
... Removed 33 stack frames]]>
    </failure>
  </testcase> <!-- @BeforeClass launchApp -->
  <testcase name="@BeforeMethod loginToApp" time="-1.592377463645E9" classname="testcases.BaseTest">
    <skipped/>
  </testcase> <!-- @BeforeMethod loginToApp -->
  <testcase name="@AfterMethod logoutFromApp" time="-1.592377463651E9" classname="testcases.BaseTest">
    <skipped/>
  </testcase> <!-- @AfterMethod logoutFromApp -->
  <testcase name="@AfterClass closeApp" time="0.0" classname="testcases.BaseTest">
    <failure type="java.lang.NullPointerException">
      <![CDATA[java.lang.NullPointerException
at testcases.BaseTest.closeApp(BaseTest.java:84)
at java.util.ArrayList.forEach(ArrayList.java:1257)
... Removed 29 stack frames]]>
    </failure>
  </testcase> <!-- @AfterClass closeApp -->
  <testcase name="addProductToCart" time="0.0" classname="testcases.TC001">
    <skipped/>
  </testcase> <!-- addProductToCart -->
</testsuite> <!-- Test -->
